<?xml version="1.0" encoding="UTF-8"?>
<!-- Generated by org.testng.reporters.JUnitReportReporter -->
<testsuite hostname="LAPTOP-AS886SBL" failures="0" tests="2" name="vtp2022.day2.workshop.AppTest" time="0.014" errors="0" timestamp="2022-06-08T14:02:58 SGT" skipped="0">
  <testcase classname="vtp2022.day2.workshop.AppTest" name="testBankAccount" time="0.008"/>
  <system-out/>
  <testcase classname="vtp2022.day2.workshop.AppTest" name="shouldAnswerWithTrue" time="0.006"/>
  <system-out/>
</testsuite> <!-- vtp2022.day2.workshop.AppTest -->
